{"total": {"lines":{"total":425,"covered":230,"skipped":0,"pct":54.11},"statements":{"total":438,"covered":240,"skipped":0,"pct":54.79},"functions":{"total":67,"covered":46,"skipped":0,"pct":68.65},"branches":{"total":184,"covered":52,"skipped":0,"pct":28.26},"branchesTrue":{"total":0,"covered":0,"skipped":0,"pct":100}}
,"/home/runner/work/cf-flat-decoder-ts/cf-flat-decoder-ts/index.ts": {"lines":{"total":12,"covered":12,"skipped":0,"pct":100},"functions":{"total":1,"covered":1,"skipped":0,"pct":100},"statements":{"total":13,"covered":13,"skipped":0,"pct":100},"branches":{"total":1,"covered":1,"skipped":0,"pct":100}}
,"/home/runner/work/cf-flat-decoder-ts/cf-flat-decoder-ts/src/flat/flat.ts": {"lines":{"total":102,"covered":60,"skipped":0,"pct":58.82},"functions":{"total":27,"covered":14,"skipped":0,"pct":51.85},"statements":{"total":103,"covered":61,"skipped":0,"pct":59.22},"branches":{"total":7,"covered":3,"skipped":0,"pct":42.85}}
,"/home/runner/work/cf-flat-decoder-ts/cf-flat-decoder-ts/src/uplc/codecs.ts": {"lines":{"total":5,"covered":5,"skipped":0,"pct":100},"functions":{"total":1,"covered":1,"skipped":0,"pct":100},"statements":{"total":5,"covered":5,"skipped":0,"pct":100},"branches":{"total":0,"covered":0,"skipped":0,"pct":100}}
,"/home/runner/work/cf-flat-decoder-ts/cf-flat-decoder-ts/src/uplc/instances.ts": {"lines":{"total":138,"covered":40,"skipped":0,"pct":28.98},"functions":{"total":10,"covered":9,"skipped":0,"pct":90},"statements":{"total":139,"covered":41,"skipped":0,"pct":29.49},"branches":{"total":94,"covered":7,"skipped":0,"pct":7.44}}
,"/home/runner/work/cf-flat-decoder-ts/cf-flat-decoder-ts/src/uplc/terms.ts": {"lines":{"total":113,"covered":85,"skipped":0,"pct":75.22},"functions":{"total":18,"covered":14,"skipped":0,"pct":77.77},"statements":{"total":114,"covered":86,"skipped":0,"pct":75.43},"branches":{"total":66,"covered":37,"skipped":0,"pct":56.06}}
,"/home/runner/work/cf-flat-decoder-ts/cf-flat-decoder-ts/src/uplc/utils.ts": {"lines":{"total":55,"covered":28,"skipped":0,"pct":50.9},"functions":{"total":10,"covered":7,"skipped":0,"pct":70},"statements":{"total":64,"covered":34,"skipped":0,"pct":53.12},"branches":{"total":16,"covered":4,"skipped":0,"pct":25}}
}
