{"total": {"lines":{"total":463,"covered":237,"skipped":0,"pct":51.18},"statements":{"total":481,"covered":250,"skipped":0,"pct":51.97},"functions":{"total":74,"covered":47,"skipped":0,"pct":63.51},"branches":{"total":205,"covered":51,"skipped":0,"pct":24.87},"branchesTrue":{"total":0,"covered":0,"skipped":0,"pct":100}}
,"/home/runner/work/cf-flat-decoder-ts/cf-flat-decoder-ts/index.ts": {"lines":{"total":20,"covered":16,"skipped":0,"pct":80},"functions":{"total":3,"covered":2,"skipped":0,"pct":66.66},"statements":{"total":22,"covered":18,"skipped":0,"pct":81.81},"branches":{"total":2,"covered":0,"skipped":0,"pct":0}}
,"/home/runner/work/cf-flat-decoder-ts/cf-flat-decoder-ts/src/flat/flat.ts": {"lines":{"total":102,"covered":60,"skipped":0,"pct":58.82},"functions":{"total":27,"covered":14,"skipped":0,"pct":51.85},"statements":{"total":103,"covered":61,"skipped":0,"pct":59.22},"branches":{"total":7,"covered":3,"skipped":0,"pct":42.85}}
,"/home/runner/work/cf-flat-decoder-ts/cf-flat-decoder-ts/src/uplc/codecs.ts": {"lines":{"total":5,"covered":5,"skipped":0,"pct":100},"functions":{"total":1,"covered":1,"skipped":0,"pct":100},"statements":{"total":5,"covered":5,"skipped":0,"pct":100},"branches":{"total":0,"covered":0,"skipped":0,"pct":100}}
,"/home/runner/work/cf-flat-decoder-ts/cf-flat-decoder-ts/src/uplc/instances.ts": {"lines":{"total":138,"covered":40,"skipped":0,"pct":28.98},"functions":{"total":10,"covered":9,"skipped":0,"pct":90},"statements":{"total":139,"covered":41,"skipped":0,"pct":29.49},"branches":{"total":94,"covered":7,"skipped":0,"pct":7.44}}
,"/home/runner/work/cf-flat-decoder-ts/cf-flat-decoder-ts/src/uplc/terms.ts": {"lines":{"total":113,"covered":85,"skipped":0,"pct":75.22},"functions":{"total":18,"covered":14,"skipped":0,"pct":77.77},"statements":{"total":114,"covered":86,"skipped":0,"pct":75.43},"branches":{"total":66,"covered":37,"skipped":0,"pct":56.06}}
,"/home/runner/work/cf-flat-decoder-ts/cf-flat-decoder-ts/src/uplc/utils.ts": {"lines":{"total":85,"covered":31,"skipped":0,"pct":36.47},"functions":{"total":15,"covered":7,"skipped":0,"pct":46.66},"statements":{"total":98,"covered":39,"skipped":0,"pct":39.79},"branches":{"total":36,"covered":4,"skipped":0,"pct":11.11}}
}
